Compiling the Fortran compiler identification source file "CMakeFortranCompilerId.F" failed.
Compiler: /usr/local/bin/ifort 
Build flags: 
Id flags: -v 

The output was:
1

Error: Product support for your (Comp-FM) license has expired.
License file(s) used were (in this order):
**  1.  /opt/intel/compilers_and_libraries_2020.0.166/mac/bin/intel64/../../Licenses
**  2.  /Users/sevan/Licenses
**  3.  /Users/sevan/intel/licenses
**  4.  /opt/intel/licenses
**  5.  /Users/Shared/Library/Application Support/Intel/Licenses/NCOM___CPP_SC6F-L52ZT8F8.lic
**  6.  /Users/Shared/Library/Application Support/Intel/Licenses/NCOM___FOR_SG4N-RZ7NLJPR.lic
**  7.  /opt/intel/compilers_and_libraries_2020.0.166/mac/bin/intel64/*.lic

Please refer https://software.intel.com/en-us/faq/purchasing-renewing-upgrading#support-expiration  for more information..

ifort: error #10052: could not checkout FLEXlm license


Compiling the Fortran compiler identification source file "CMakeFortranCompilerId.F" failed.
Compiler: /usr/local/bin/ifort 
Build flags: 
Id flags:  

The output was:
1

Error: Product support for your (Comp-FM) license has expired.
License file(s) used were (in this order):
**  1.  /opt/intel/compilers_and_libraries_2020.0.166/mac/bin/intel64/../../Licenses
**  2.  /Users/sevan/Licenses
**  3.  /Users/sevan/intel/licenses
**  4.  /opt/intel/licenses
**  5.  /Users/Shared/Library/Application Support/Intel/Licenses/NCOM___CPP_SC6F-L52ZT8F8.lic
**  6.  /Users/Shared/Library/Application Support/Intel/Licenses/NCOM___FOR_SG4N-RZ7NLJPR.lic
**  7.  /opt/intel/compilers_and_libraries_2020.0.166/mac/bin/intel64/*.lic

Please refer https://software.intel.com/en-us/faq/purchasing-renewing-upgrading#support-expiration  for more information..

ifort: error #10052: could not checkout FLEXlm license


Compiling the Fortran compiler identification source file "CMakeFortranCompilerId.F" failed.
Compiler: /usr/local/bin/ifort 
Build flags: 
Id flags: -c 

The output was:
1

Error: Product support for your (Comp-FM) license has expired.
License file(s) used were (in this order):
**  1.  /opt/intel/compilers_and_libraries_2020.0.166/mac/bin/intel64/../../Licenses
**  2.  /Users/sevan/Licenses
**  3.  /Users/sevan/intel/licenses
**  4.  /opt/intel/licenses
**  5.  /Users/Shared/Library/Application Support/Intel/Licenses/NCOM___CPP_SC6F-L52ZT8F8.lic
**  6.  /Users/Shared/Library/Application Support/Intel/Licenses/NCOM___FOR_SG4N-RZ7NLJPR.lic
**  7.  /opt/intel/compilers_and_libraries_2020.0.166/mac/bin/intel64/*.lic

Please refer https://software.intel.com/en-us/faq/purchasing-renewing-upgrading#support-expiration  for more information..

ifort: error #10052: could not checkout FLEXlm license


Compiling the Fortran compiler identification source file "CMakeFortranCompilerId.F" failed.
Compiler: /usr/local/bin/ifort 
Build flags: 
Id flags: -fpp 

The output was:
1

Error: Product support for your (Comp-FM) license has expired.
License file(s) used were (in this order):
**  1.  /opt/intel/compilers_and_libraries_2020.0.166/mac/bin/intel64/../../Licenses
**  2.  /Users/sevan/Licenses
**  3.  /Users/sevan/intel/licenses
**  4.  /opt/intel/licenses
**  5.  /Users/Shared/Library/Application Support/Intel/Licenses/NCOM___CPP_SC6F-L52ZT8F8.lic
**  6.  /Users/Shared/Library/Application Support/Intel/Licenses/NCOM___FOR_SG4N-RZ7NLJPR.lic
**  7.  /opt/intel/compilers_and_libraries_2020.0.166/mac/bin/intel64/*.lic

Please refer https://software.intel.com/en-us/faq/purchasing-renewing-upgrading#support-expiration  for more information..

ifort: error #10052: could not checkout FLEXlm license


Compiling the Fortran compiler identification source file "CMakeFortranCompilerId.F" failed.
Compiler: /usr/local/bin/ifort 
Build flags: 
Id flags: -v 

The output was:
1

Error: Product support for your (Comp-FM) license has expired.
License file(s) used were (in this order):
**  1.  /opt/intel/compilers_and_libraries_2020.0.166/mac/bin/intel64/../../Licenses
**  2.  /Users/sevan/Licenses
**  3.  /Users/sevan/intel/licenses
**  4.  /opt/intel/licenses
**  5.  /Users/Shared/Library/Application Support/Intel/Licenses/NCOM___CPP_SC6F-L52ZT8F8.lic
**  6.  /Users/Shared/Library/Application Support/Intel/Licenses/NCOM___FOR_SG4N-RZ7NLJPR.lic
**  7.  /opt/intel/compilers_and_libraries_2020.0.166/mac/bin/intel64/*.lic

Please refer https://software.intel.com/en-us/faq/purchasing-renewing-upgrading#support-expiration  for more information..

ifort: error #10052: could not checkout FLEXlm license


Compiling the Fortran compiler identification source file "CMakeFortranCompilerId.F" failed.
Compiler: /usr/local/bin/ifort 
Build flags: 
Id flags:  

The output was:
1

Error: Product support for your (Comp-FM) license has expired.
License file(s) used were (in this order):
**  1.  /opt/intel/compilers_and_libraries_2020.0.166/mac/bin/intel64/../../Licenses
**  2.  /Users/sevan/Licenses
**  3.  /Users/sevan/intel/licenses
**  4.  /opt/intel/licenses
**  5.  /Users/Shared/Library/Application Support/Intel/Licenses/NCOM___CPP_SC6F-L52ZT8F8.lic
**  6.  /Users/Shared/Library/Application Support/Intel/Licenses/NCOM___FOR_SG4N-RZ7NLJPR.lic
**  7.  /opt/intel/compilers_and_libraries_2020.0.166/mac/bin/intel64/*.lic

Please refer https://software.intel.com/en-us/faq/purchasing-renewing-upgrading#support-expiration  for more information..

ifort: error #10052: could not checkout FLEXlm license


Compiling the Fortran compiler identification source file "CMakeFortranCompilerId.F" failed.
Compiler: /usr/local/bin/ifort 
Build flags: 
Id flags: -c 

The output was:
1

Error: Product support for your (Comp-FM) license has expired.
License file(s) used were (in this order):
**  1.  /opt/intel/compilers_and_libraries_2020.0.166/mac/bin/intel64/../../Licenses
**  2.  /Users/sevan/Licenses
**  3.  /Users/sevan/intel/licenses
**  4.  /opt/intel/licenses
**  5.  /Users/Shared/Library/Application Support/Intel/Licenses/NCOM___CPP_SC6F-L52ZT8F8.lic
**  6.  /Users/Shared/Library/Application Support/Intel/Licenses/NCOM___FOR_SG4N-RZ7NLJPR.lic
**  7.  /opt/intel/compilers_and_libraries_2020.0.166/mac/bin/intel64/*.lic

Please refer https://software.intel.com/en-us/faq/purchasing-renewing-upgrading#support-expiration  for more information..

ifort: error #10052: could not checkout FLEXlm license


Compiling the Fortran compiler identification source file "CMakeFortranCompilerId.F" failed.
Compiler: /usr/local/bin/ifort 
Build flags: 
Id flags: -fpp 

The output was:
1

Error: Product support for your (Comp-FM) license has expired.
License file(s) used were (in this order):
**  1.  /opt/intel/compilers_and_libraries_2020.0.166/mac/bin/intel64/../../Licenses
**  2.  /Users/sevan/Licenses
**  3.  /Users/sevan/intel/licenses
**  4.  /opt/intel/licenses
**  5.  /Users/Shared/Library/Application Support/Intel/Licenses/NCOM___CPP_SC6F-L52ZT8F8.lic
**  6.  /Users/Shared/Library/Application Support/Intel/Licenses/NCOM___FOR_SG4N-RZ7NLJPR.lic
**  7.  /opt/intel/compilers_and_libraries_2020.0.166/mac/bin/intel64/*.lic

Please refer https://software.intel.com/en-us/faq/purchasing-renewing-upgrading#support-expiration  for more information..

ifort: error #10052: could not checkout FLEXlm license


Checking whether the Fortran compiler is Compaq using "-what" did not match "Compaq Visual Fortran":

Error: Product support for your (Comp-FM) license has expired.
License file(s) used were (in this order):
**  1.  /opt/intel/compilers_and_libraries_2020.0.166/mac/bin/intel64/../../Licenses
**  2.  /Users/sevan/Licenses
**  3.  /Users/sevan/intel/licenses
**  4.  /opt/intel/licenses
**  5.  /Users/Shared/Library/Application Support/Intel/Licenses/NCOM___CPP_SC6F-L52ZT8F8.lic
**  6.  /Users/Shared/Library/Application Support/Intel/Licenses/NCOM___FOR_SG4N-RZ7NLJPR.lic
**  7.  /opt/intel/compilers_and_libraries_2020.0.166/mac/bin/intel64/*.lic

Please refer https://software.intel.com/en-us/faq/purchasing-renewing-upgrading#support-expiration  for more information..

ifort: error #10052: could not checkout FLEXlm license
Checking whether the Fortran compiler is NAG using "-V" did not match "NAG Fortran Compiler":

Error: Product support for your (Comp-FM) license has expired.
License file(s) used were (in this order):
**  1.  /opt/intel/compilers_and_libraries_2020.0.166/mac/bin/intel64/../../Licenses
**  2.  /Users/sevan/Licenses
**  3.  /Users/sevan/intel/licenses
**  4.  /opt/intel/licenses
**  5.  /Users/Shared/Library/Application Support/Intel/Licenses/NCOM___CPP_SC6F-L52ZT8F8.lic
**  6.  /Users/Shared/Library/Application Support/Intel/Licenses/NCOM___FOR_SG4N-RZ7NLJPR.lic
**  7.  /opt/intel/compilers_and_libraries_2020.0.166/mac/bin/intel64/*.lic

Please refer https://software.intel.com/en-us/faq/purchasing-renewing-upgrading#support-expiration  for more information..

ifort: error #10052: could not checkout FLEXlm license
Checking whether the Fortran compiler is Compaq using "-what" did not match "Compaq Visual Fortran":

Error: Product support for your (Comp-FM) license has expired.
License file(s) used were (in this order):
**  1.  /opt/intel/compilers_and_libraries_2020.0.166/mac/bin/intel64/../../Licenses
**  2.  /Users/sevan/Licenses
**  3.  /Users/sevan/intel/licenses
**  4.  /opt/intel/licenses
**  5.  /Users/Shared/Library/Application Support/Intel/Licenses/NCOM___CPP_SC6F-L52ZT8F8.lic
**  6.  /Users/Shared/Library/Application Support/Intel/Licenses/NCOM___FOR_SG4N-RZ7NLJPR.lic
**  7.  /opt/intel/compilers_and_libraries_2020.0.166/mac/bin/intel64/*.lic

Please refer https://software.intel.com/en-us/faq/purchasing-renewing-upgrading#support-expiration  for more information..

ifort: error #10052: could not checkout FLEXlm license
Checking whether the Fortran compiler is NAG using "-V" did not match "NAG Fortran Compiler":

Error: Product support for your (Comp-FM) license has expired.
License file(s) used were (in this order):
**  1.  /opt/intel/compilers_and_libraries_2020.0.166/mac/bin/intel64/../../Licenses
**  2.  /Users/sevan/Licenses
**  3.  /Users/sevan/intel/licenses
**  4.  /opt/intel/licenses
**  5.  /Users/Shared/Library/Application Support/Intel/Licenses/NCOM___CPP_SC6F-L52ZT8F8.lic
**  6.  /Users/Shared/Library/Application Support/Intel/Licenses/NCOM___FOR_SG4N-RZ7NLJPR.lic
**  7.  /opt/intel/compilers_and_libraries_2020.0.166/mac/bin/intel64/*.lic

Please refer https://software.intel.com/en-us/faq/purchasing-renewing-upgrading#support-expiration  for more information..

ifort: error #10052: could not checkout FLEXlm license
Detecting Fortran compiler ABI info failed to compile with the following output:
Change Dir: /Users/sevan/Documents/PhD/Research/OMEGA_PHD/scripts/FORTRAN/OMEGA_OSCILLATION/build/CMakeFiles/CMakeTmp

Run Build Command(s):/usr/bin/make cmTC_36d08/fast && /Library/Developer/CommandLineTools/usr/bin/make  -f CMakeFiles/cmTC_36d08.dir/build.make CMakeFiles/cmTC_36d08.dir/build
Building Fortran object CMakeFiles/cmTC_36d08.dir/CMakeFortranCompilerABI.F.o
/usr/local/bin/ifort    -c /usr/local/Cellar/cmake/3.19.3/share/cmake/Modules/CMakeFortranCompilerABI.F -o CMakeFiles/cmTC_36d08.dir/CMakeFortranCompilerABI.F.o

Error: Product support for your (Comp-FM) license has expired.
License file(s) used were (in this order):
**  1.  /opt/intel/compilers_and_libraries_2020.0.166/mac/bin/intel64/../../Licenses
**  2.  /Users/sevan/Licenses
**  3.  /Users/sevan/intel/licenses
**  4.  /opt/intel/licenses
**  5.  /Users/Shared/Library/Application Support/Intel/Licenses/NCOM___CPP_SC6F-L52ZT8F8.lic
**  6.  /Users/Shared/Library/Application Support/Intel/Licenses/NCOM___FOR_SG4N-RZ7NLJPR.lic
**  7.  /opt/intel/compilers_and_libraries_2020.0.166/mac/bin/intel64/*.lic

Please refer https://software.intel.com/en-us/faq/purchasing-renewing-upgrading#support-expiration  for more information..

ifort: error #10052: could not checkout FLEXlm license
make[1]: *** [CMakeFiles/cmTC_36d08.dir/CMakeFortranCompilerABI.F.o] Error 1
make: *** [cmTC_36d08/fast] Error 2




Determining if the Fortran compiler works failed with the following output:
Change Dir: /Users/sevan/Documents/PhD/Research/OMEGA_PHD/scripts/FORTRAN/OMEGA_OSCILLATION/build/CMakeFiles/CMakeTmp

Run Build Command(s):/usr/bin/make cmTC_a2ab8/fast && /Library/Developer/CommandLineTools/usr/bin/make  -f CMakeFiles/cmTC_a2ab8.dir/build.make CMakeFiles/cmTC_a2ab8.dir/build
Building Fortran object CMakeFiles/cmTC_a2ab8.dir/testFortranCompiler.f.o
/usr/local/bin/ifort    -c /Users/sevan/Documents/PhD/Research/OMEGA_PHD/scripts/FORTRAN/OMEGA_OSCILLATION/build/CMakeFiles/CMakeTmp/testFortranCompiler.f -o CMakeFiles/cmTC_a2ab8.dir/testFortranCompiler.f.o

Error: Product support for your (Comp-FM) license has expired.
License file(s) used were (in this order):
**  1.  /opt/intel/compilers_and_libraries_2020.0.166/mac/bin/intel64/../../Licenses
**  2.  /Users/sevan/Licenses
**  3.  /Users/sevan/intel/licenses
**  4.  /opt/intel/licenses
**  5.  /Users/Shared/Library/Application Support/Intel/Licenses/NCOM___CPP_SC6F-L52ZT8F8.lic
**  6.  /Users/Shared/Library/Application Support/Intel/Licenses/NCOM___FOR_SG4N-RZ7NLJPR.lic
**  7.  /opt/intel/compilers_and_libraries_2020.0.166/mac/bin/intel64/*.lic

Please refer https://software.intel.com/en-us/faq/purchasing-renewing-upgrading#support-expiration  for more information..

ifort: error #10052: could not checkout FLEXlm license
make[1]: *** [CMakeFiles/cmTC_a2ab8.dir/testFortranCompiler.f.o] Error 1
make: *** [cmTC_a2ab8/fast] Error 2



